app/build/intermediates/manifest_merge_blame_file/debug/processDebugMainManifest/manifest-merger-blame-debug-report.txt
1<?xml version="1.0" encoding="utf-8"?>
2<manifest xmlns:android="http://schemas.android.com/apk/res/android"
3    package="com.duomaker.couplelove.vatar"
4    android:versionCode="1"
5    android:versionName="1.0.0" >
6
7    <uses-sdk
8        android:minSdkVersion="24"
9        android:targetSdkVersion="36" />
10
11    <uses-permission android:name="android.permission.INTERNET" />
11-->src/main/AndroidManifest.xml:5:5-67
11-->src/main/AndroidManifest.xml:5:22-64
12    <uses-permission android:name="android.permission.POST_NOTIFICATIONS" />
12-->src/main/AndroidManifest.xml:6:5-77
12-->src/main/AndroidManifest.xml:6:22-74
13    <uses-permission android:name="android.permission.WRITE_EXTERNAL_STORAGE" />
13-->src/main/AndroidManifest.xml:7:5-8:68
13-->src/main/AndroidManifest.xml:8:9-65
14    <uses-permission android:name="com.google.android.gms.permission.AD_ID" />
14-->src/main/AndroidManifest.xml:9:5-78
14-->src/main/AndroidManifest.xml:9:22-76
15
16    <queries>
16-->src/main/AndroidManifest.xml:10:5-18:15
17        <package android:name="org.telegram.messenger" />
17-->src/main/AndroidManifest.xml:11:9-58
17-->src/main/AndroidManifest.xml:11:18-55
18        <package android:name="org.telegram.messenger.web" />
18-->src/main/AndroidManifest.xml:12:9-62
18-->src/main/AndroidManifest.xml:12:18-59
19        <package android:name="org.telegram.plus" />
19-->src/main/AndroidManifest.xml:13:9-53
19-->src/main/AndroidManifest.xml:13:18-50
20
21        <intent>
21-->src/main/AndroidManifest.xml:14:9-17:18
22            <action android:name="org.telegram.messenger.CREATE_STICKER_PACK" />
22-->src/main/AndroidManifest.xml:15:13-81
22-->src/main/AndroidManifest.xml:15:21-78
23
24            <data android:mimeType="image/*" />
24-->src/main/AndroidManifest.xml:16:13-48
24-->src/main/AndroidManifest.xml:16:19-45
25        </intent>
26    </queries>
27
28    <uses-permission android:name="android.permission.ACCESS_NETWORK_STATE" />
28-->[androidx.media3:media3-exoplayer:1.5.0] AndroidManifest.xml:22:5-79
28-->[androidx.media3:media3-exoplayer:1.5.0] AndroidManifest.xml:22:22-76
29    <uses-permission android:name="android.permission.WAKE_LOCK" /> <!-- Required by older versions of Google Play services to create IID tokens -->
29-->[com.google.firebase:firebase-messaging:24.1.0] AndroidManifest.xml:24:5-68
29-->[com.google.firebase:firebase-messaging:24.1.0] AndroidManifest.xml:24:22-65
30    <uses-permission android:name="com.google.android.c2dm.permission.RECEIVE" />
30-->[com.google.firebase:firebase-messaging:24.1.0] AndroidManifest.xml:26:5-82
30-->[com.google.firebase:firebase-messaging:24.1.0] AndroidManifest.xml:26:22-79
31    <uses-permission android:name="android.permission.ACCESS_ADSERVICES_ATTRIBUTION" />
31-->[com.google.android.gms:play-services-measurement-api:22.1.2] AndroidManifest.xml:26:5-88
31-->[com.google.android.gms:play-services-measurement-api:22.1.2] AndroidManifest.xml:26:22-85
32    <uses-permission android:name="android.permission.ACCESS_ADSERVICES_AD_ID" />
32-->[com.google.android.gms:play-services-measurement-api:22.1.2] AndroidManifest.xml:27:5-82
32-->[com.google.android.gms:play-services-measurement-api:22.1.2] AndroidManifest.xml:27:22-79
33    <uses-permission android:name="android.permission.RECEIVE_BOOT_COMPLETED" />
33-->[androidx.work:work-runtime:2.9.1] AndroidManifest.xml:25:5-81
33-->[androidx.work:work-runtime:2.9.1] AndroidManifest.xml:25:22-78
34    <uses-permission android:name="android.permission.FOREGROUND_SERVICE" />
34-->[androidx.work:work-runtime:2.9.1] AndroidManifest.xml:26:5-77
34-->[androidx.work:work-runtime:2.9.1] AndroidManifest.xml:26:22-74
35    <uses-permission android:name="com.google.android.finsky.permission.BIND_GET_INSTALL_REFERRER_SERVICE" />
35-->[com.google.android.gms:play-services-measurement:22.1.2] AndroidManifest.xml:26:5-110
35-->[com.google.android.gms:play-services-measurement:22.1.2] AndroidManifest.xml:26:22-107
36
37    <permission
37-->[androidx.core:core:1.17.0] AndroidManifest.xml:22:5-24:47
38        android:name="com.duomaker.couplelove.vatar.DYNAMIC_RECEIVER_NOT_EXPORTED_PERMISSION"
38-->[androidx.core:core:1.17.0] AndroidManifest.xml:23:9-81
39        android:protectionLevel="signature" />
39-->[androidx.core:core:1.17.0] AndroidManifest.xml:24:9-44
40
41    <uses-permission android:name="com.duomaker.couplelove.vatar.DYNAMIC_RECEIVER_NOT_EXPORTED_PERMISSION" />
41-->[androidx.core:core:1.17.0] AndroidManifest.xml:26:5-97
41-->[androidx.core:core:1.17.0] AndroidManifest.xml:26:22-94
42
43    <application
43-->src/main/AndroidManifest.xml:20:5-153:19
44        android:name="com.duomaker.couplelove.vatar.MyApplication"
44-->src/main/AndroidManifest.xml:21:9-67
45        android:allowBackup="true"
45-->src/main/AndroidManifest.xml:22:9-35
46        android:appComponentFactory="androidx.core.app.CoreComponentFactory"
46-->[androidx.core:core:1.17.0] AndroidManifest.xml:28:18-86
47        android:dataExtractionRules="@xml/data_extraction_rules"
47-->src/main/AndroidManifest.xml:24:9-65
48        android:debuggable="true"
49        android:extractNativeLibs="false"
50        android:fullBackupContent="@xml/backup_rules"
50-->src/main/AndroidManifest.xml:25:9-54
51        android:hardwareAccelerated="true"
51-->src/main/AndroidManifest.xml:32:9-43
52        android:icon="@mipmap/ic_launcher"
52-->src/main/AndroidManifest.xml:26:9-43
53        android:label="@string/app_name"
53-->src/main/AndroidManifest.xml:27:9-41
54        android:largeHeap="true"
54-->src/main/AndroidManifest.xml:33:9-33
55        android:networkSecurityConfig="@xml/network_security_config"
55-->src/main/AndroidManifest.xml:23:9-69
56        android:roundIcon="@mipmap/ic_launcher_round"
56-->src/main/AndroidManifest.xml:28:9-54
57        android:supportsRtl="true"
57-->src/main/AndroidManifest.xml:29:9-35
58        android:testOnly="true"
59        android:theme="@style/Base.Theme.BaseActivity" >
59-->src/main/AndroidManifest.xml:31:9-55
60        <meta-data
60-->src/main/AndroidManifest.xml:35:9-37:37
61            android:name="google_analytics_automatic_screen_reporting_enabled"
61-->src/main/AndroidManifest.xml:36:13-79
62            android:value="false" />
62-->src/main/AndroidManifest.xml:37:13-34
63        <meta-data
63-->src/main/AndroidManifest.xml:38:9-40:37
64            android:name="com.google.android.gms.ads.flag.NATIVE_AD_DEBUGGER_ENABLED"
64-->src/main/AndroidManifest.xml:39:13-86
65            android:value="false" />
65-->src/main/AndroidManifest.xml:40:13-34
66        <meta-data
66-->src/main/AndroidManifest.xml:41:9-43:46
67            android:name="com.google.android.gms.ads.APPLICATION_ID"
67-->src/main/AndroidManifest.xml:42:13-69
68            android:value="@string/app_id" />
68-->src/main/AndroidManifest.xml:43:13-43
69        <meta-data
69-->src/main/AndroidManifest.xml:44:9-46:36
70            android:name="com.google.android.gms.ads.flag.OPTIMIZE_INITIALIZATION"
70-->src/main/AndroidManifest.xml:45:13-83
71            android:value="true" />
71-->src/main/AndroidManifest.xml:46:13-33
72        <meta-data
72-->src/main/AndroidManifest.xml:47:9-49:36
73            android:name="com.google.android.gms.ads.flag.OPTIMIZE_AD_LOADING"
73-->src/main/AndroidManifest.xml:48:13-79
74            android:value="true" />
74-->src/main/AndroidManifest.xml:49:13-33
75
76        <activity
76-->src/main/AndroidManifest.xml:50:9-54:70
77            android:name="com.duomaker.couplelove.vatar.ui.language.LanguageActivity"
77-->src/main/AndroidManifest.xml:51:13-86
78            android:exported="false"
78-->src/main/AndroidManifest.xml:52:13-37
79            android:screenOrientation="portrait"
79-->src/main/AndroidManifest.xml:53:13-49
80            android:windowSoftInputMode="adjustResize|stateHidden" />
80-->src/main/AndroidManifest.xml:54:13-67
81        <activity
81-->src/main/AndroidManifest.xml:55:9-59:70
82            android:name="com.duomaker.couplelove.vatar.ui.main.createPony.ChoosePonyActivity"
82-->src/main/AndroidManifest.xml:56:13-95
83            android:exported="false"
83-->src/main/AndroidManifest.xml:57:13-37
84            android:screenOrientation="portrait"
84-->src/main/AndroidManifest.xml:58:13-49
85            android:windowSoftInputMode="adjustResize|stateHidden" />
85-->src/main/AndroidManifest.xml:59:13-67
86        <activity
86-->src/main/AndroidManifest.xml:60:9-64:70
87            android:name="com.duomaker.couplelove.vatar.ui.main.successcosplay.SuccessCosplayActivity"
87-->src/main/AndroidManifest.xml:61:13-103
88            android:exported="false"
88-->src/main/AndroidManifest.xml:62:13-37
89            android:screenOrientation="portrait"
89-->src/main/AndroidManifest.xml:63:13-49
90            android:windowSoftInputMode="adjustResize|stateHidden" />
90-->src/main/AndroidManifest.xml:64:13-67
91        <activity
91-->src/main/AndroidManifest.xml:65:9-69:70
92            android:name="com.duomaker.couplelove.vatar.ui.main.home.HomeActivity"
92-->src/main/AndroidManifest.xml:66:13-83
93            android:exported="false"
93-->src/main/AndroidManifest.xml:67:13-37
94            android:screenOrientation="portrait"
94-->src/main/AndroidManifest.xml:68:13-49
95            android:windowSoftInputMode="adjustResize|stateHidden" />
95-->src/main/AndroidManifest.xml:69:13-67
96        <activity
96-->src/main/AndroidManifest.xml:70:9-74:70
97            android:name="com.duomaker.couplelove.vatar.ui.main.view.ViewActivity"
97-->src/main/AndroidManifest.xml:71:13-83
98            android:exported="false"
98-->src/main/AndroidManifest.xml:72:13-37
99            android:screenOrientation="portrait"
99-->src/main/AndroidManifest.xml:73:13-49
100            android:windowSoftInputMode="adjustResize|stateHidden" />
100-->src/main/AndroidManifest.xml:74:13-67
101        <activity
101-->src/main/AndroidManifest.xml:75:9-79:70
102            android:name="com.duomaker.couplelove.vatar.ui.main.show.ShowActivity"
102-->src/main/AndroidManifest.xml:76:13-83
103            android:exported="false"
103-->src/main/AndroidManifest.xml:77:13-37
104            android:screenOrientation="portrait"
104-->src/main/AndroidManifest.xml:78:13-49
105            android:windowSoftInputMode="adjustResize|stateHidden" />
105-->src/main/AndroidManifest.xml:79:13-67
106        <activity
106-->src/main/AndroidManifest.xml:80:9-84:70
107            android:name="com.duomaker.couplelove.vatar.ui.main.add_character.AddCharacterActivity"
107-->src/main/AndroidManifest.xml:81:13-100
108            android:exported="false"
108-->src/main/AndroidManifest.xml:82:13-37
109            android:screenOrientation="portrait"
109-->src/main/AndroidManifest.xml:83:13-49
110            android:windowSoftInputMode="adjustResize|stateHidden" />
110-->src/main/AndroidManifest.xml:84:13-67
111        <activity
111-->src/main/AndroidManifest.xml:85:9-89:70
112            android:name="com.duomaker.couplelove.vatar.ui.main.cosplay.CosplayActivity"
112-->src/main/AndroidManifest.xml:86:13-89
113            android:exported="false"
113-->src/main/AndroidManifest.xml:87:13-37
114            android:screenOrientation="portrait"
114-->src/main/AndroidManifest.xml:88:13-49
115            android:windowSoftInputMode="adjustResize|stateHidden" />
115-->src/main/AndroidManifest.xml:89:13-67
116        <activity
116-->src/main/AndroidManifest.xml:90:9-94:70
117            android:name="com.duomaker.couplelove.vatar.ui.main.success.SuccessActivity"
117-->src/main/AndroidManifest.xml:91:13-89
118            android:exported="false"
118-->src/main/AndroidManifest.xml:92:13-37
119            android:screenOrientation="portrait"
119-->src/main/AndroidManifest.xml:93:13-49
120            android:windowSoftInputMode="adjustResize|stateHidden" />
120-->src/main/AndroidManifest.xml:94:13-67
121        <activity
121-->src/main/AndroidManifest.xml:95:9-99:70
122            android:name="com.duomaker.couplelove.vatar.ui.main.setting.SettingActivity"
122-->src/main/AndroidManifest.xml:96:13-89
123            android:exported="false"
123-->src/main/AndroidManifest.xml:97:13-37
124            android:screenOrientation="portrait"
124-->src/main/AndroidManifest.xml:98:13-49
125            android:windowSoftInputMode="adjustResize|stateHidden" />
125-->src/main/AndroidManifest.xml:99:13-67
126        <activity
126-->src/main/AndroidManifest.xml:100:9-104:70
127            android:name="com.duomaker.couplelove.vatar.ui.main.random.RandomActivity"
127-->src/main/AndroidManifest.xml:101:13-87
128            android:exported="false"
128-->src/main/AndroidManifest.xml:102:13-37
129            android:screenOrientation="portrait"
129-->src/main/AndroidManifest.xml:103:13-49
130            android:windowSoftInputMode="adjustResize|stateHidden" />
130-->src/main/AndroidManifest.xml:104:13-67
131        <activity
131-->src/main/AndroidManifest.xml:105:9-109:70
132            android:name="com.duomaker.couplelove.vatar.ui.main.customize.CustomizeActivity"
132-->src/main/AndroidManifest.xml:106:13-93
133            android:exported="false"
133-->src/main/AndroidManifest.xml:107:13-37
134            android:screenOrientation="portrait"
134-->src/main/AndroidManifest.xml:108:13-49
135            android:windowSoftInputMode="adjustResize|stateHidden" />
135-->src/main/AndroidManifest.xml:109:13-67
136        <activity
136-->src/main/AndroidManifest.xml:110:9-114:70
137            android:name="com.duomaker.couplelove.vatar.ui.main.myPony.MyPonyActivity"
137-->src/main/AndroidManifest.xml:111:13-87
138            android:exported="false"
138-->src/main/AndroidManifest.xml:112:13-37
139            android:screenOrientation="portrait"
139-->src/main/AndroidManifest.xml:113:13-49
140            android:windowSoftInputMode="adjustResize|stateHidden" />
140-->src/main/AndroidManifest.xml:114:13-67
141        <activity
141-->src/main/AndroidManifest.xml:115:9-119:70
142            android:name="com.duomaker.couplelove.vatar.ui.onboarding.intro.IntroActivity"
142-->src/main/AndroidManifest.xml:116:13-91
143            android:exported="false"
143-->src/main/AndroidManifest.xml:117:13-37
144            android:screenOrientation="portrait"
144-->src/main/AndroidManifest.xml:118:13-49
145            android:windowSoftInputMode="adjustResize|stateHidden" />
145-->src/main/AndroidManifest.xml:119:13-67
146        <activity
146-->src/main/AndroidManifest.xml:120:9-124:70
147            android:name="com.duomaker.couplelove.vatar.ui.onboarding.permission.PermissionActivity"
147-->src/main/AndroidManifest.xml:121:13-101
148            android:exported="false"
148-->src/main/AndroidManifest.xml:122:13-37
149            android:screenOrientation="portrait"
149-->src/main/AndroidManifest.xml:123:13-49
150            android:windowSoftInputMode="adjustResize|stateHidden" />
150-->src/main/AndroidManifest.xml:124:13-67
151        <activity
151-->src/main/AndroidManifest.xml:125:9-129:70
152            android:name="com.duomaker.couplelove.vatar.ui.onboarding.splash.SplashActivity"
152-->src/main/AndroidManifest.xml:126:13-93
153            android:exported="false"
153-->src/main/AndroidManifest.xml:127:13-37
154            android:screenOrientation="portrait"
154-->src/main/AndroidManifest.xml:128:13-49
155            android:windowSoftInputMode="adjustResize|stateHidden" />
155-->src/main/AndroidManifest.xml:129:13-67
156
157        <activity-alias
157-->src/main/AndroidManifest.xml:130:9-138:26
158            android:name="com.duomaker.couplelove.vatar.MainActivity"
158-->src/main/AndroidManifest.xml:131:13-70
159            android:exported="true"
159-->src/main/AndroidManifest.xml:133:13-36
160            android:targetActivity="com.duomaker.couplelove.vatar.ui.onboarding.splash.SplashActivity" >
160-->src/main/AndroidManifest.xml:132:13-103
161            <intent-filter>
161-->src/main/AndroidManifest.xml:134:13-137:29
162                <action android:name="android.intent.action.MAIN" />
162-->src/main/AndroidManifest.xml:135:17-69
162-->src/main/AndroidManifest.xml:135:25-66
163
164                <category android:name="android.intent.category.LAUNCHER" />
164-->src/main/AndroidManifest.xml:136:17-77
164-->src/main/AndroidManifest.xml:136:27-74
165            </intent-filter>
166        </activity-alias>
167
168        <provider
169            android:name="androidx.core.content.FileProvider"
169-->src/main/AndroidManifest.xml:140:13-62
170            android:authorities="com.duomaker.couplelove.vatar.provider"
170-->src/main/AndroidManifest.xml:141:13-60
171            android:exported="false"
171-->src/main/AndroidManifest.xml:142:13-37
172            android:grantUriPermissions="true" >
172-->src/main/AndroidManifest.xml:143:13-47
173            <meta-data
173-->src/main/AndroidManifest.xml:144:13-146:52
174                android:name="android.support.FILE_PROVIDER_PATHS"
174-->src/main/AndroidManifest.xml:145:17-67
175                android:resource="@xml/provider" />
175-->src/main/AndroidManifest.xml:146:17-49
176        </provider>
177        <provider
177-->src/main/AndroidManifest.xml:148:9-152:66
178            android:name="com.duomaker.couplelove.vatar.utils.share.whatsapp.StickerContentProvider"
178-->src/main/AndroidManifest.xml:149:13-101
179            android:authorities="com.duomaker.couplelove.vatar.utils.share.whatsapp.StickerContentProvider"
179-->src/main/AndroidManifest.xml:150:13-108
180            android:exported="true"
180-->src/main/AndroidManifest.xml:151:13-36
181            android:readPermission="com.whatsapp.sticker.READ" />
181-->src/main/AndroidManifest.xml:152:13-63
182
183        <service
183-->[com.google.firebase:firebase-crashlytics-ktx:19.3.0] AndroidManifest.xml:21:9-27:19
184            android:name="com.google.firebase.components.ComponentDiscoveryService"
184-->[com.google.firebase:firebase-crashlytics-ktx:19.3.0] AndroidManifest.xml:22:13-84
185            android:directBootAware="true"
185-->[com.google.firebase:firebase-common:21.0.0] AndroidManifest.xml:32:13-43
186            android:exported="false" >
186-->[com.google.firebase:firebase-crashlytics-ktx:19.3.0] AndroidManifest.xml:23:13-37
187            <meta-data
187-->[com.google.firebase:firebase-crashlytics-ktx:19.3.0] AndroidManifest.xml:24:13-26:85
188                android:name="com.google.firebase.components:com.google.firebase.crashlytics.ktx.FirebaseCrashlyticsKtxRegistrar"
188-->[com.google.firebase:firebase-crashlytics-ktx:19.3.0] AndroidManifest.xml:25:17-130
189                android:value="com.google.firebase.components.ComponentRegistrar" />
189-->[com.google.firebase:firebase-crashlytics-ktx:19.3.0] AndroidManifest.xml:26:17-82
190            <meta-data
190-->[com.google.firebase:firebase-crashlytics:19.3.0] AndroidManifest.xml:15:13-17:85
191                android:name="com.google.firebase.components:com.google.firebase.crashlytics.FirebaseCrashlyticsKtxRegistrar"
191-->[com.google.firebase:firebase-crashlytics:19.3.0] AndroidManifest.xml:16:17-126
192                android:value="com.google.firebase.components.ComponentRegistrar" />
192-->[com.google.firebase:firebase-crashlytics:19.3.0] AndroidManifest.xml:17:17-82
193            <meta-data
193-->[com.google.firebase:firebase-crashlytics:19.3.0] AndroidManifest.xml:18:13-20:85
194                android:name="com.google.firebase.components:com.google.firebase.crashlytics.CrashlyticsRegistrar"
194-->[com.google.firebase:firebase-crashlytics:19.3.0] AndroidManifest.xml:19:17-115
195                android:value="com.google.firebase.components.ComponentRegistrar" />
195-->[com.google.firebase:firebase-crashlytics:19.3.0] AndroidManifest.xml:20:17-82
196            <meta-data
196-->[com.google.firebase:firebase-sessions:2.0.7] AndroidManifest.xml:29:13-31:85
197                android:name="com.google.firebase.components:com.google.firebase.sessions.FirebaseSessionsRegistrar"
197-->[com.google.firebase:firebase-sessions:2.0.7] AndroidManifest.xml:30:17-117
198                android:value="com.google.firebase.components.ComponentRegistrar" />
198-->[com.google.firebase:firebase-sessions:2.0.7] AndroidManifest.xml:31:17-82
199            <meta-data
199-->[com.google.firebase:firebase-config-ktx:22.0.1] AndroidManifest.xml:12:13-14:85
200                android:name="com.google.firebase.components:com.google.firebase.remoteconfig.ktx.FirebaseConfigLegacyRegistrar"
200-->[com.google.firebase:firebase-config-ktx:22.0.1] AndroidManifest.xml:13:17-129
201                android:value="com.google.firebase.components.ComponentRegistrar" />
201-->[com.google.firebase:firebase-config-ktx:22.0.1] AndroidManifest.xml:14:17-82
202            <meta-data
202-->[com.google.firebase:firebase-config:22.0.1] AndroidManifest.xml:29:13-31:85
203                android:name="com.google.firebase.components:com.google.firebase.remoteconfig.FirebaseRemoteConfigKtxRegistrar"
203-->[com.google.firebase:firebase-config:22.0.1] AndroidManifest.xml:30:17-128
204                android:value="com.google.firebase.components.ComponentRegistrar" />
204-->[com.google.firebase:firebase-config:22.0.1] AndroidManifest.xml:31:17-82
205            <meta-data
205-->[com.google.firebase:firebase-config:22.0.1] AndroidManifest.xml:32:13-34:85
206                android:name="com.google.firebase.components:com.google.firebase.remoteconfig.RemoteConfigRegistrar"
206-->[com.google.firebase:firebase-config:22.0.1] AndroidManifest.xml:33:17-117
207                android:value="com.google.firebase.components.ComponentRegistrar" />
207-->[com.google.firebase:firebase-config:22.0.1] AndroidManifest.xml:34:17-82
208            <meta-data
208-->[com.google.firebase:firebase-analytics-ktx:22.1.2] AndroidManifest.xml:11:13-13:85
209                android:name="com.google.firebase.components:com.google.firebase.analytics.ktx.FirebaseAnalyticsLegacyRegistrar"
209-->[com.google.firebase:firebase-analytics-ktx:22.1.2] AndroidManifest.xml:12:17-129
210                android:value="com.google.firebase.components.ComponentRegistrar" />
210-->[com.google.firebase:firebase-analytics-ktx:22.1.2] AndroidManifest.xml:13:17-82
211            <meta-data
211-->[com.google.firebase:firebase-messaging-ktx:24.1.0] AndroidManifest.xml:26:13-28:85
212                android:name="com.google.firebase.components:com.google.firebase.messaging.ktx.FirebaseMessagingLegacyRegistrar"
212-->[com.google.firebase:firebase-messaging-ktx:24.1.0] AndroidManifest.xml:27:17-129
213                android:value="com.google.firebase.components.ComponentRegistrar" />
213-->[com.google.firebase:firebase-messaging-ktx:24.1.0] AndroidManifest.xml:28:17-82
214            <meta-data
214-->[com.google.firebase:firebase-messaging:24.1.0] AndroidManifest.xml:57:13-59:85
215                android:name="com.google.firebase.components:com.google.firebase.messaging.FirebaseMessagingKtxRegistrar"
215-->[com.google.firebase:firebase-messaging:24.1.0] AndroidManifest.xml:58:17-122
216                android:value="com.google.firebase.components.ComponentRegistrar" />
216-->[com.google.firebase:firebase-messaging:24.1.0] AndroidManifest.xml:59:17-82
217            <meta-data
217-->[com.google.firebase:firebase-messaging:24.1.0] AndroidManifest.xml:60:13-62:85
218                android:name="com.google.firebase.components:com.google.firebase.messaging.FirebaseMessagingRegistrar"
218-->[com.google.firebase:firebase-messaging:24.1.0] AndroidManifest.xml:61:17-119
219                android:value="com.google.firebase.components.ComponentRegistrar" />
219-->[com.google.firebase:firebase-messaging:24.1.0] AndroidManifest.xml:62:17-82
220            <meta-data
220-->[com.google.android.gms:play-services-measurement-api:22.1.2] AndroidManifest.xml:37:13-39:85
221                android:name="com.google.firebase.components:com.google.firebase.analytics.connector.internal.AnalyticsConnectorRegistrar"
221-->[com.google.android.gms:play-services-measurement-api:22.1.2] AndroidManifest.xml:38:17-139
222                android:value="com.google.firebase.components.ComponentRegistrar" />
222-->[com.google.android.gms:play-services-measurement-api:22.1.2] AndroidManifest.xml:39:17-82
223            <meta-data
223-->[com.google.firebase:firebase-installations:18.0.0] AndroidManifest.xml:15:13-17:85
224                android:name="com.google.firebase.components:com.google.firebase.installations.FirebaseInstallationsKtxRegistrar"
224-->[com.google.firebase:firebase-installations:18.0.0] AndroidManifest.xml:16:17-130
225                android:value="com.google.firebase.components.ComponentRegistrar" />
225-->[com.google.firebase:firebase-installations:18.0.0] AndroidManifest.xml:17:17-82
226            <meta-data
226-->[com.google.firebase:firebase-installations:18.0.0] AndroidManifest.xml:18:13-20:85
227                android:name="com.google.firebase.components:com.google.firebase.installations.FirebaseInstallationsRegistrar"
227-->[com.google.firebase:firebase-installations:18.0.0] AndroidManifest.xml:19:17-127
228                android:value="com.google.firebase.components.ComponentRegistrar" />
228-->[com.google.firebase:firebase-installations:18.0.0] AndroidManifest.xml:20:17-82
229            <meta-data
229-->[com.google.firebase:firebase-common-ktx:21.0.0] AndroidManifest.xml:12:13-14:85
230                android:name="com.google.firebase.components:com.google.firebase.ktx.FirebaseCommonLegacyRegistrar"
230-->[com.google.firebase:firebase-common-ktx:21.0.0] AndroidManifest.xml:13:17-116
231                android:value="com.google.firebase.components.ComponentRegistrar" />
231-->[com.google.firebase:firebase-common-ktx:21.0.0] AndroidManifest.xml:14:17-82
232            <meta-data
232-->[com.google.firebase:firebase-common:21.0.0] AndroidManifest.xml:35:13-37:85
233                android:name="com.google.firebase.components:com.google.firebase.FirebaseCommonKtxRegistrar"
233-->[com.google.firebase:firebase-common:21.0.0] AndroidManifest.xml:36:17-109
234                android:value="com.google.firebase.components.ComponentRegistrar" />
234-->[com.google.firebase:firebase-common:21.0.0] AndroidManifest.xml:37:17-82
235            <meta-data
235-->[com.google.firebase:firebase-abt:21.1.1] AndroidManifest.xml:12:13-14:85
236                android:name="com.google.firebase.components:com.google.firebase.abt.component.AbtRegistrar"
236-->[com.google.firebase:firebase-abt:21.1.1] AndroidManifest.xml:13:17-109
237                android:value="com.google.firebase.components.ComponentRegistrar" />
237-->[com.google.firebase:firebase-abt:21.1.1] AndroidManifest.xml:14:17-82
238            <meta-data
238-->[com.google.firebase:firebase-datatransport:19.0.0] AndroidManifest.xml:25:13-27:85
239                android:name="com.google.firebase.components:com.google.firebase.datatransport.TransportRegistrar"
239-->[com.google.firebase:firebase-datatransport:19.0.0] AndroidManifest.xml:26:17-115
240                android:value="com.google.firebase.components.ComponentRegistrar" />
240-->[com.google.firebase:firebase-datatransport:19.0.0] AndroidManifest.xml:27:17-82
241        </service>
242        <service
242-->[com.google.firebase:firebase-sessions:2.0.7] AndroidManifest.xml:22:9-25:40
243            android:name="com.google.firebase.sessions.SessionLifecycleService"
243-->[com.google.firebase:firebase-sessions:2.0.7] AndroidManifest.xml:23:13-80
244            android:enabled="true"
244-->[com.google.firebase:firebase-sessions:2.0.7] AndroidManifest.xml:24:13-35
245            android:exported="false" />
245-->[com.google.firebase:firebase-sessions:2.0.7] AndroidManifest.xml:25:13-37
246
247        <receiver
247-->[com.google.firebase:firebase-messaging:24.1.0] AndroidManifest.xml:29:9-40:20
248            android:name="com.google.firebase.iid.FirebaseInstanceIdReceiver"
248-->[com.google.firebase:firebase-messaging:24.1.0] AndroidManifest.xml:30:13-78
249            android:exported="true"
249-->[com.google.firebase:firebase-messaging:24.1.0] AndroidManifest.xml:31:13-36
250            android:permission="com.google.android.c2dm.permission.SEND" >
250-->[com.google.firebase:firebase-messaging:24.1.0] AndroidManifest.xml:32:13-73
251            <intent-filter>
251-->[com.google.firebase:firebase-messaging:24.1.0] AndroidManifest.xml:33:13-35:29
252                <action android:name="com.google.android.c2dm.intent.RECEIVE" />
252-->[com.google.firebase:firebase-messaging:24.1.0] AndroidManifest.xml:34:17-81
252-->[com.google.firebase:firebase-messaging:24.1.0] AndroidManifest.xml:34:25-78
253            </intent-filter>
254
255            <meta-data
255-->[com.google.firebase:firebase-messaging:24.1.0] AndroidManifest.xml:37:13-39:40
256                android:name="com.google.android.gms.cloudmessaging.FINISHED_AFTER_HANDLED"
256-->[com.google.firebase:firebase-messaging:24.1.0] AndroidManifest.xml:38:17-92
257                android:value="true" />
257-->[com.google.firebase:firebase-messaging:24.1.0] AndroidManifest.xml:39:17-37
258        </receiver>
259        <!--
260             FirebaseMessagingService performs security checks at runtime,
261             but set to not exported to explicitly avoid allowing another app to call it.
262        -->
263        <service
263-->[com.google.firebase:firebase-messaging:24.1.0] AndroidManifest.xml:46:9-53:19
264            android:name="com.google.firebase.messaging.FirebaseMessagingService"
264-->[com.google.firebase:firebase-messaging:24.1.0] AndroidManifest.xml:47:13-82
265            android:directBootAware="true"
265-->[com.google.firebase:firebase-messaging:24.1.0] AndroidManifest.xml:48:13-43
266            android:exported="false" >
266-->[com.google.firebase:firebase-messaging:24.1.0] AndroidManifest.xml:49:13-37
267            <intent-filter android:priority="-500" >
267-->[com.google.firebase:firebase-messaging:24.1.0] AndroidManifest.xml:50:13-52:29